C:\USERS\TIM\DOCUMENTS\SCHOOL\NUMERICAL\ASS2\DEBUG\ASS2.OBJ
C:\USERS\TIM\DOCUMENTS\SCHOOL\NUMERICAL\ASS2\DEBUG\VC110.PDB
C:\USERS\TIM\DOCUMENTS\SCHOOL\NUMERICAL\ASS2\DEBUG\ASS2.ILK
C:\USERS\TIM\DOCUMENTS\SCHOOL\NUMERICAL\ASS2\DEBUG\ASS2.EXE
C:\USERS\TIM\DOCUMENTS\SCHOOL\NUMERICAL\ASS2\DEBUG\ASS2.PDB
C:\Users\Tim\Documents\School\Numerical\ass2\Debug\ass2.obj
C:\Users\Tim\Documents\School\Numerical\ass2\Debug\ass2.ilk
C:\Users\Tim\Documents\School\Numerical\ass2\Debug\cl.command.1.tlog
C:\Users\Tim\Documents\School\Numerical\ass2\Debug\CL.read.1.tlog
C:\Users\Tim\Documents\School\Numerical\ass2\Debug\CL.write.1.tlog
C:\Users\Tim\Documents\School\Numerical\ass2\Debug\link-cvtres.read.1.tlog
C:\Users\Tim\Documents\School\Numerical\ass2\Debug\link-cvtres.write.1.tlog
C:\Users\Tim\Documents\School\Numerical\ass2\Debug\link-rc.read.1.tlog
C:\Users\Tim\Documents\School\Numerical\ass2\Debug\link-rc.write.1.tlog
C:\Users\Tim\Documents\School\Numerical\ass2\Debug\link.command.1.tlog
C:\Users\Tim\Documents\School\Numerical\ass2\Debug\link.read.1.tlog
C:\Users\Tim\Documents\School\Numerical\ass2\Debug\link.write.1.tlog
C:\Users\Tim\Documents\School\Numerical\ass2\Debug\vc110.idb
C:\Users\Tim\Documents\School\Numerical\ass2\Debug\ass2.pdb
C:\Users\Tim\Documents\School\Numerical\ass2\Debug\vc110.pdb
C:\Users\Tim\Documents\School\Numerical\ass2\Debug\ass2.exe
