Build started 2012-11-27 3:54:45 PM.
     1>Project "C:\Users\Tim\Documents\School\Numerical\ass2\ass2.vcxproj" on node 2 (Build target(s)).
     1>ClCompile:
         C:\Program Files (x86)\Microsoft Visual Studio 11.0\VC\bin\CL.exe /c /ZI /nologo /W3 /WX- /Od /Oy- /D WIN32 /D _DEBUG /D _CONSOLE /Gm /EHsc /RTC1 /MDd /GS /fp:precise /Za /Zc:wchar_t /Zc:forScope /Fo"Debug\\" /Fd"Debug\vc110.pdb" /Gd /TC /analyze- /errorReport:prompt ass2.c
         ass2.c
     1>c:\users\tim\documents\school\numerical\ass2\ass2.c(53): warning C4996: 'scanf': This function or variable may be unsafe. Consider using scanf_s instead. To disable deprecation, use _CRT_SECURE_NO_WARNINGS. See online help for details.
                 c:\program files (x86)\microsoft visual studio 11.0\vc\include\stdio.h(290) : see declaration of 'scanf'
     1>c:\users\tim\documents\school\numerical\ass2\ass2.c(58): warning C4013: 'ReadFile' undefined; assuming extern returning int
     1>c:\users\tim\documents\school\numerical\ass2\ass2.c(59): warning C4013: 'linear' undefined; assuming extern returning int
     1>c:\users\tim\documents\school\numerical\ass2\ass2.c(63): warning C4013: 'powerLaw' undefined; assuming extern returning int
     1>c:\users\tim\documents\school\numerical\ass2\ass2.c(96): warning C4996: 'scanf': This function or variable may be unsafe. Consider using scanf_s instead. To disable deprecation, use _CRT_SECURE_NO_WARNINGS. See online help for details.
                 c:\program files (x86)\microsoft visual studio 11.0\vc\include\stdio.h(290) : see declaration of 'scanf'
     1>c:\users\tim\documents\school\numerical\ass2\ass2.c(98): warning C4996: 'fopen': This function or variable may be unsafe. Consider using fopen_s instead. To disable deprecation, use _CRT_SECURE_NO_WARNINGS. See online help for details.
                 c:\program files (x86)\microsoft visual studio 11.0\vc\include\stdio.h(218) : see declaration of 'fopen'
     1>c:\users\tim\documents\school\numerical\ass2\ass2.c(117): warning C4996: 'fscanf': This function or variable may be unsafe. Consider using fscanf_s instead. To disable deprecation, use _CRT_SECURE_NO_WARNINGS. See online help for details.
                 c:\program files (x86)\microsoft visual studio 11.0\vc\include\stdio.h(237) : see declaration of 'fscanf'
     1>c:\users\tim\documents\school\numerical\ass2\ass2.c(92): warning C4101: 'i' : unreferenced local variable
     1>c:\users\tim\documents\school\numerical\ass2\ass2.c(148): warning C4244: '=' : conversion from 'int' to 'float', possible loss of data
     1>c:\users\tim\documents\school\numerical\ass2\ass2.c(164): warning C4244: '=' : conversion from 'double' to 'float', possible loss of data
     1>c:\users\tim\documents\school\numerical\ass2\ass2.c(165): warning C4244: '=' : conversion from 'double' to 'float', possible loss of data
     1>c:\users\tim\documents\school\numerical\ass2\ass2.c(166): warning C4244: '=' : conversion from 'double' to 'float', possible loss of data
     1>c:\users\tim\documents\school\numerical\ass2\ass2.c(141): warning C4101: 'sigdat' : unreferenced local variable
     1>c:\users\tim\documents\school\numerical\ass2\ass2.c(198): warning C4996: 'scanf': This function or variable may be unsafe. Consider using scanf_s instead. To disable deprecation, use _CRT_SECURE_NO_WARNINGS. See online help for details.
                 c:\program files (x86)\microsoft visual studio 11.0\vc\include\stdio.h(290) : see declaration of 'scanf'
     1>c:\users\tim\documents\school\numerical\ass2\ass2.c(202): warning C4996: 'scanf': This function or variable may be unsafe. Consider using scanf_s instead. To disable deprecation, use _CRT_SECURE_NO_WARNINGS. See online help for details.
                 c:\program files (x86)\microsoft visual studio 11.0\vc\include\stdio.h(290) : see declaration of 'scanf'
     1>c:\users\tim\documents\school\numerical\ass2\ass2.c(232): warning C4244: '=' : conversion from 'double' to 'float', possible loss of data
     1>c:\users\tim\documents\school\numerical\ass2\ass2.c(233): warning C4244: '=' : conversion from 'double' to 'float', possible loss of data
     1>c:\users\tim\documents\school\numerical\ass2\ass2.c(237): warning C4244: '=' : conversion from 'double' to 'float', possible loss of data
     1>c:\users\tim\documents\school\numerical\ass2\ass2.c(254): warning C4996: 'scanf': This function or variable may be unsafe. Consider using scanf_s instead. To disable deprecation, use _CRT_SECURE_NO_WARNINGS. See online help for details.
                 c:\program files (x86)\microsoft visual studio 11.0\vc\include\stdio.h(290) : see declaration of 'scanf'
     1>c:\users\tim\documents\school\numerical\ass2\ass2.c(258): warning C4996: 'scanf': This function or variable may be unsafe. Consider using scanf_s instead. To disable deprecation, use _CRT_SECURE_NO_WARNINGS. See online help for details.
                 c:\program files (x86)\microsoft visual studio 11.0\vc\include\stdio.h(290) : see declaration of 'scanf'
     1>c:\users\tim\documents\school\numerical\ass2\ass2.c(260): warning C4244: '=' : conversion from 'double' to 'float', possible loss of data
       Link:
         C:\Program Files (x86)\Microsoft Visual Studio 11.0\VC\bin\link.exe /ERRORREPORT:PROMPT /OUT:"C:\Users\Tim\Documents\School\Numerical\ass2\Debug\ass2.exe" /INCREMENTAL /NOLOGO kernel32.lib user32.lib gdi32.lib winspool.lib comdlg32.lib advapi32.lib shell32.lib ole32.lib oleaut32.lib uuid.lib odbc32.lib odbccp32.lib /MANIFEST /MANIFESTUAC:"level='asInvoker' uiAccess='false'" /manifest:embed /DEBUG /PDB:"C:\Users\Tim\Documents\School\Numerical\ass2\Debug\ass2.pdb" /SUBSYSTEM:CONSOLE /TLBID:1 /DYNAMICBASE /NXCOMPAT /IMPLIB:"C:\Users\Tim\Documents\School\Numerical\ass2\Debug\ass2.lib" /MACHINE:X86 Debug\ass2.obj
         ass2.vcxproj -> C:\Users\Tim\Documents\School\Numerical\ass2\Debug\ass2.exe
     1>Done Building Project "C:\Users\Tim\Documents\School\Numerical\ass2\ass2.vcxproj" (Build target(s)).

Build succeeded.

Time Elapsed 00:00:00.75
